2020-01-06 10:15:04,743 [Worker-2: Loading available Gradle versions] INFO  o.e.b.c.i.u.g.PublishedGradleVersions - Gradle version information cache is out-of-date. Trying to update.
2020-01-07 09:18:02,807 [Worker-5: Loading available Gradle versions] INFO  o.e.b.c.i.u.g.PublishedGradleVersions - Gradle version information cache is up-to-date. Trying to read.
2020-01-08 10:57:49,598 [Worker-3: Loading available Gradle versions] INFO  o.e.b.c.i.u.g.PublishedGradleVersions - Gradle version information cache is out-of-date. Trying to update.
2020-01-08 10:59:31,517 [Worker-3: Loading available Gradle versions] INFO  o.e.b.c.i.u.g.PublishedGradleVersions - Gradle version information cache is up-to-date. Trying to read.
2020-01-09 09:39:37,120 [Worker-2: Loading available Gradle versions] INFO  o.e.b.c.i.u.g.PublishedGradleVersions - Gradle version information cache is up-to-date. Trying to read.
2020-01-10 14:13:38,826 [Worker-5: Loading available Gradle versions] INFO  o.e.b.c.i.u.g.PublishedGradleVersions - Gradle version information cache is out-of-date. Trying to update.
2020-01-14 09:26:50,773 [Worker-1: Loading available Gradle versions] INFO  o.e.b.c.i.u.g.PublishedGradleVersions - Gradle version information cache is out-of-date. Trying to update.
2020-01-14 09:28:13,785 [Worker-2: Loading available Gradle versions] INFO  o.e.b.c.i.u.g.PublishedGradleVersions - Gradle version information cache is up-to-date. Trying to read.
2020-01-16 09:48:07,939 [Worker-2: Loading available Gradle versions] INFO  o.e.b.c.i.u.g.PublishedGradleVersions - Gradle version information cache is out-of-date. Trying to update.
2020-01-16 10:01:50,457 [Worker-22: Importing Maven projects] INFO  o.e.m.c.i.l.LifecycleMappingFactory - Using org.eclipse.m2e.jdt.JarLifecycleMapping lifecycle mapping for MavenProject: br.org.generation:exerciciosb:0.0.1-SNAPSHOT @ C:\Users\Generation\Documents\Generation-Viviane\Java-Generation\workspace-java\exerciciosb\pom.xml.
2020-01-16 10:01:56,472 [Worker-22: Importing Maven projects] INFO  o.e.m.j.i.AbstractJavaProjectConfigurator - Adding source folder /exerciciosb/src/main/java
2020-01-16 10:01:56,472 [Worker-22: Importing Maven projects] INFO  o.e.m.j.i.AbstractJavaProjectConfigurator - Adding resource folder /exerciciosb/src/main/resources
2020-01-16 10:01:56,478 [Worker-22: Importing Maven projects] INFO  o.e.m.j.i.AbstractJavaProjectConfigurator - Adding resource folder /exerciciosb/src/main/resources
2020-01-16 10:01:56,484 [Worker-22: Importing Maven projects] INFO  o.e.m.j.i.AbstractJavaProjectConfigurator - Adding source folder /exerciciosb/src/test/java
2020-01-16 10:01:59,642 [Worker-22: Importing Maven projects] INFO  o.e.m.c.i.p.ProjectConfigurationManager - Imported and configured 1 project(s) in 15 sec
2020-01-16 10:02:01,490 [Worker-10: Building workspace] INFO  o.e.m.c.i.embedder.EclipseLogger - Using 'UTF-8' encoding to copy filtered resources.
2020-01-16 10:02:01,493 [Worker-10: Building workspace] INFO  o.e.m.c.i.embedder.EclipseLogger - Copying 1 resource
2020-01-16 10:02:01,513 [Worker-10: Building workspace] INFO  o.e.m.c.i.embedder.EclipseLogger - Copying 0 resource
2020-01-16 10:02:01,515 [Worker-10: Building workspace] INFO  o.e.m.c.i.embedder.EclipseLogger - Using 'UTF-8' encoding to copy filtered resources.
2020-01-16 10:02:01,515 [Worker-10: Building workspace] INFO  o.e.m.c.i.embedder.EclipseLogger - skip non existing resourceDirectory C:\Users\Generation\Documents\Generation-Viviane\Java-Generation\workspace-java\exerciciosb\src\test\resources
2020-01-16 10:09:07,230 [Worker-25: Building workspace] INFO  o.e.m.c.i.embedder.EclipseLogger - Using 'UTF-8' encoding to copy filtered resources.
2020-01-16 10:09:07,234 [Worker-25: Building workspace] INFO  o.e.m.c.i.embedder.EclipseLogger - Copying 1 resource
2020-01-16 10:09:07,235 [Worker-25: Building workspace] INFO  o.e.m.c.i.embedder.EclipseLogger - Copying 0 resource
2020-01-16 10:09:07,236 [Worker-25: Building workspace] INFO  o.e.m.c.i.embedder.EclipseLogger - Using 'UTF-8' encoding to copy filtered resources.
2020-01-16 10:09:07,236 [Worker-25: Building workspace] INFO  o.e.m.c.i.embedder.EclipseLogger - skip non existing resourceDirectory C:\Users\Generation\Documents\Generation-Viviane\Java-Generation\workspace-java\exerciciosb\src\test\resources
2020-01-16 10:09:30,344 [Worker-25: Building workspace] INFO  o.e.m.c.i.embedder.EclipseLogger - Using 'UTF-8' encoding to copy filtered resources.
2020-01-16 10:09:30,344 [Worker-25: Building workspace] INFO  o.e.m.c.i.embedder.EclipseLogger - Copying 1 resource
2020-01-16 10:09:30,346 [Worker-25: Building workspace] INFO  o.e.m.c.i.embedder.EclipseLogger - Copying 0 resource
2020-01-16 10:09:30,348 [Worker-25: Building workspace] INFO  o.e.m.c.i.embedder.EclipseLogger - Using 'UTF-8' encoding to copy filtered resources.
2020-01-16 10:09:30,348 [Worker-25: Building workspace] INFO  o.e.m.c.i.embedder.EclipseLogger - skip non existing resourceDirectory C:\Users\Generation\Documents\Generation-Viviane\Java-Generation\workspace-java\exerciciosb\src\test\resources
2020-01-16 10:09:50,895 [Worker-25: Building workspace] INFO  o.e.m.c.i.embedder.EclipseLogger - Using 'UTF-8' encoding to copy filtered resources.
2020-01-16 10:09:50,896 [Worker-25: Building workspace] INFO  o.e.m.c.i.embedder.EclipseLogger - Copying 1 resource
2020-01-16 10:09:50,897 [Worker-25: Building workspace] INFO  o.e.m.c.i.embedder.EclipseLogger - Copying 0 resource
2020-01-16 10:09:50,898 [Worker-25: Building workspace] INFO  o.e.m.c.i.embedder.EclipseLogger - Using 'UTF-8' encoding to copy filtered resources.
2020-01-16 10:09:50,898 [Worker-25: Building workspace] INFO  o.e.m.c.i.embedder.EclipseLogger - skip non existing resourceDirectory C:\Users\Generation\Documents\Generation-Viviane\Java-Generation\workspace-java\exerciciosb\src\test\resources
2020-01-16 10:10:25,787 [Worker-25: Building workspace] INFO  o.e.m.c.i.embedder.EclipseLogger - Using 'UTF-8' encoding to copy filtered resources.
2020-01-16 10:10:25,788 [Worker-25: Building workspace] INFO  o.e.m.c.i.embedder.EclipseLogger - Copying 1 resource
2020-01-16 10:10:25,789 [Worker-25: Building workspace] INFO  o.e.m.c.i.embedder.EclipseLogger - Copying 0 resource
2020-01-16 10:10:25,791 [Worker-25: Building workspace] INFO  o.e.m.c.i.embedder.EclipseLogger - Using 'UTF-8' encoding to copy filtered resources.
2020-01-16 10:10:25,791 [Worker-25: Building workspace] INFO  o.e.m.c.i.embedder.EclipseLogger - skip non existing resourceDirectory C:\Users\Generation\Documents\Generation-Viviane\Java-Generation\workspace-java\exerciciosb\src\test\resources
2020-01-16 10:10:40,319 [Worker-26: Building workspace] INFO  o.e.m.c.i.embedder.EclipseLogger - Using 'UTF-8' encoding to copy filtered resources.
2020-01-16 10:10:40,320 [Worker-26: Building workspace] INFO  o.e.m.c.i.embedder.EclipseLogger - Copying 1 resource
2020-01-16 10:10:40,321 [Worker-26: Building workspace] INFO  o.e.m.c.i.embedder.EclipseLogger - Copying 0 resource
2020-01-16 10:10:40,323 [Worker-26: Building workspace] INFO  o.e.m.c.i.embedder.EclipseLogger - Using 'UTF-8' encoding to copy filtered resources.
2020-01-16 10:10:40,323 [Worker-26: Building workspace] INFO  o.e.m.c.i.embedder.EclipseLogger - skip non existing resourceDirectory C:\Users\Generation\Documents\Generation-Viviane\Java-Generation\workspace-java\exerciciosb\src\test\resources
2020-01-16 10:19:46,678 [Worker-26: Building workspace] INFO  o.e.m.c.i.embedder.EclipseLogger - Using 'UTF-8' encoding to copy filtered resources.
2020-01-16 10:19:46,679 [Worker-26: Building workspace] INFO  o.e.m.c.i.embedder.EclipseLogger - Copying 1 resource
2020-01-16 10:19:46,680 [Worker-26: Building workspace] INFO  o.e.m.c.i.embedder.EclipseLogger - Copying 0 resource
2020-01-16 10:19:46,682 [Worker-26: Building workspace] INFO  o.e.m.c.i.embedder.EclipseLogger - Using 'UTF-8' encoding to copy filtered resources.
2020-01-16 10:19:46,682 [Worker-26: Building workspace] INFO  o.e.m.c.i.embedder.EclipseLogger - skip non existing resourceDirectory C:\Users\Generation\Documents\Generation-Viviane\Java-Generation\workspace-java\exerciciosb\src\test\resources
2020-01-16 10:20:08,143 [Worker-25: Building workspace] INFO  o.e.m.c.i.embedder.EclipseLogger - Using 'UTF-8' encoding to copy filtered resources.
2020-01-16 10:20:08,144 [Worker-25: Building workspace] INFO  o.e.m.c.i.embedder.EclipseLogger - Copying 1 resource
2020-01-16 10:20:08,145 [Worker-25: Building workspace] INFO  o.e.m.c.i.embedder.EclipseLogger - Copying 0 resource
2020-01-16 10:20:08,147 [Worker-25: Building workspace] INFO  o.e.m.c.i.embedder.EclipseLogger - Using 'UTF-8' encoding to copy filtered resources.
2020-01-16 10:20:08,147 [Worker-25: Building workspace] INFO  o.e.m.c.i.embedder.EclipseLogger - skip non existing resourceDirectory C:\Users\Generation\Documents\Generation-Viviane\Java-Generation\workspace-java\exerciciosb\src\test\resources
2020-01-16 10:20:20,601 [Worker-10: Building workspace] INFO  o.e.m.c.i.embedder.EclipseLogger - Using 'UTF-8' encoding to copy filtered resources.
2020-01-16 10:20:20,602 [Worker-10: Building workspace] INFO  o.e.m.c.i.embedder.EclipseLogger - Copying 1 resource
2020-01-16 10:20:20,603 [Worker-10: Building workspace] INFO  o.e.m.c.i.embedder.EclipseLogger - Copying 0 resource
2020-01-16 10:20:20,604 [Worker-10: Building workspace] INFO  o.e.m.c.i.embedder.EclipseLogger - Using 'UTF-8' encoding to copy filtered resources.
2020-01-16 10:20:20,604 [Worker-10: Building workspace] INFO  o.e.m.c.i.embedder.EclipseLogger - skip non existing resourceDirectory C:\Users\Generation\Documents\Generation-Viviane\Java-Generation\workspace-java\exerciciosb\src\test\resources
2020-01-16 10:20:29,983 [Worker-25: Building workspace] INFO  o.e.m.c.i.embedder.EclipseLogger - Using 'UTF-8' encoding to copy filtered resources.
2020-01-16 10:20:29,984 [Worker-25: Building workspace] INFO  o.e.m.c.i.embedder.EclipseLogger - Copying 1 resource
2020-01-16 10:20:29,985 [Worker-25: Building workspace] INFO  o.e.m.c.i.embedder.EclipseLogger - Copying 0 resource
2020-01-16 10:20:29,986 [Worker-25: Building workspace] INFO  o.e.m.c.i.embedder.EclipseLogger - Using 'UTF-8' encoding to copy filtered resources.
2020-01-16 10:20:29,986 [Worker-25: Building workspace] INFO  o.e.m.c.i.embedder.EclipseLogger - skip non existing resourceDirectory C:\Users\Generation\Documents\Generation-Viviane\Java-Generation\workspace-java\exerciciosb\src\test\resources
2020-01-16 11:34:00,162 [Worker-50: Launching ExerciciosbApplication] INFO  o.e.m.c.i.embedder.EclipseLogger - Using 'UTF-8' encoding to copy filtered resources.
2020-01-16 11:34:00,163 [Worker-50: Launching ExerciciosbApplication] INFO  o.e.m.c.i.embedder.EclipseLogger - Copying 1 resource
2020-01-16 11:34:00,164 [Worker-50: Launching ExerciciosbApplication] INFO  o.e.m.c.i.embedder.EclipseLogger - Copying 0 resource
2020-01-16 11:34:00,165 [Worker-50: Launching ExerciciosbApplication] INFO  o.e.m.c.i.embedder.EclipseLogger - Using 'UTF-8' encoding to copy filtered resources.
2020-01-16 11:34:00,165 [Worker-50: Launching ExerciciosbApplication] INFO  o.e.m.c.i.embedder.EclipseLogger - skip non existing resourceDirectory C:\Users\Generation\Documents\Generation-Viviane\Java-Generation\workspace-java\exerciciosb\src\test\resources
2020-01-16 11:37:52,828 [Worker-52: Launching ExerciciosbApplication] INFO  o.e.m.c.i.embedder.EclipseLogger - Using 'UTF-8' encoding to copy filtered resources.
2020-01-16 11:37:52,828 [Worker-52: Launching ExerciciosbApplication] INFO  o.e.m.c.i.embedder.EclipseLogger - Copying 1 resource
2020-01-16 11:37:52,830 [Worker-52: Launching ExerciciosbApplication] INFO  o.e.m.c.i.embedder.EclipseLogger - Copying 0 resource
2020-01-16 11:37:52,831 [Worker-52: Launching ExerciciosbApplication] INFO  o.e.m.c.i.embedder.EclipseLogger - Using 'UTF-8' encoding to copy filtered resources.
2020-01-16 11:37:52,831 [Worker-52: Launching ExerciciosbApplication] INFO  o.e.m.c.i.embedder.EclipseLogger - skip non existing resourceDirectory C:\Users\Generation\Documents\Generation-Viviane\Java-Generation\workspace-java\exerciciosb\src\test\resources
